{"/Users/sander/prg/js/learn/npm/src/index.js":{"path":"/Users/sander/prg/js/learn/npm/src/index.js","s":{"1":1,"2":1,"3":1,"4":4,"5":4,"6":4,"7":3,"8":1,"9":1,"10":4},"b":{"1":[1,2],"2":[3,2]},"f":{},"fnMap":{},"statementMap":{"1":{"start":{"line":2,"column":0},"end":{"line":2,"column":37}},"2":{"start":{"line":3,"column":0},"end":{"line":3,"column":33}},"3":{"start":{"line":17,"column":0},"end":{"line":35,"column":2}},"4":{"start":{"line":18,"column":4},"end":{"line":18,"column":24}},"5":{"start":{"line":20,"column":4},"end":{"line":33,"column":5}},"6":{"start":{"line":21,"column":8},"end":{"line":21,"column":39}},"7":{"start":{"line":22,"column":8},"end":{"line":30,"column":9}},"8":{"start":{"line":29,"column":12},"end":{"line":29,"column":28}},"9":{"start":{"line":32,"column":8},"end":{"line":32,"column":24}},"10":{"start":{"line":34,"column":4},"end":{"line":34,"column":19}}},"branchMap":{"1":{"line":22,"type":"if","locations":[{"start":{"line":22,"column":8},"end":{"line":22,"column":8}},{"start":{"line":22,"column":8},"end":{"line":22,"column":8}}]},"2":{"line":23,"type":"binary-expr","locations":[{"start":{"line":23,"column":12},"end":{"line":23,"column":28}},{"start":{"line":24,"column":12},"end":{"line":27,"column":13}}]}}}}